Writing log to D:\A_work\Tai-e-private\Tai-e\output\tai-e.log
java.version: 17.0.3
java.version.date: 2022-04-19
java.runtime.version: 17.0.3+6-LTS
java.vendor: Amazon.com Inc.
java.vendor.version: Corretto-17.0.3.6.1
os.name: Windows 10
os.version: 10.0
os.arch: amd64
Tai-e Version: 0.5.1-SNAPSHOT
Tai-e Commit: 77cb60866bebe2b4bcb219ea9cf035f5a0e6c6aa
Writing analysis plan to D:\A_work\Tai-e-private\Tai-e\output\tai-e-plan.yml
WorldBuilder starts ...
6905 classes with 66033 methods in the world
WorldBuilder finishes, elapsed time: 4.24s
pta starts ...
Loading taint config from D:\A_work\Tai-e-private\Tai-e\java-benchmarks\bugs\apache\apache-jxpath\1.3\taint-config.yml
TaintConfig:
sources:
  CallSource{<Server: char taint()>/result(char)}
  CallSource{<java.lang.Class: java.lang.reflect.Method getMethod(java.lang.String,java.lang.Class[])>/result.name(java.lang.reflect.Method)}

sinks:
  <java.lang.Class: java.lang.reflect.Method getMethod(java.lang.String,java.lang.Class[])>/0.value[*]
  <java.lang.reflect.Method: java.lang.Object invoke(java.lang.Object,java.lang.Object[])>/base.name

[Pointer analysis] elapsed time: 13.39s
Detected 2 taint flow(s):
TaintFlow{<Server: java.lang.String getPath()>[3@L18] temp$4 = invokestatic Server.taint()/result -> <java.lang.Class: java.lang.Object[] getEnumConstantsShared()>[8@L3311] $r4 = invokevirtual %this.getMethod(%stringconst1, $r3)/0.value[*]}
TaintFlow{<Server: java.lang.String getPath()>[3@L18] temp$4 = invokestatic Server.taint()/result -> <sun.util.locale.provider.HostLocaleProviderAdapter: java.util.spi.LocaleServiceProvider findInstalledProvider(java.lang.Class)>[9@L52] $r8 = invokevirtual $r1.getMethod($r6, $r7)/0.value[*]}
TFGDumper starts ...
Source nodes:
VarNode{<Server: java.lang.String getPath()>/temp$4}
Sink nodes:
InstanceFieldNode{MergedObj{<Merged string constants>}.value}
InstanceFieldNode{MergedObj{<Merged java.lang.String>}.value}
Dumping D:\A_work\Tai-e-private\Tai-e\output\taint-flow-graph.dot
TFGDumper finishes, elapsed time: 0.70s
-------------- Pointer analysis statistics: --------------
#var pointers:                8,1330 (insens) / 42,1121 (sens)
#objects:                     5266 (insens) / 9220 (sens)
#var points-to:               23,2049 (insens) / 227,1339 (sens)
#static field points-to:      1988 (sens)
#instance field points-to:    21,2544 (sens)
#array points-to:             2,7923 (sens)
#reachable methods:           7820 (insens) / 4,8935 (sens)
#call graph edges:            3,8623 (insens) / 31,1350 (sens)
----------------------------------------
Dumping points-to set (without contexts) to D:\A_work\Tai-e-private\Tai-e\output\pta-ci-results.txt
pta finishes, elapsed time: 21.28s
ir-dumper starts ...
Dumping IR in D:\A_work\Tai-e-private\Tai-e\output\tir
182 classes in scope (APP) of class analyses
ir-dumper finishes, elapsed time: 0.67s
Tai-e finishes, elapsed time: 26.39s
