Writing log to D:\A_work\Tai-e-private\Tai-e\output\tai-e.log
java.version: 17.0.3
java.version.date: 2022-04-19
java.runtime.version: 17.0.3+6-LTS
java.vendor: Amazon.com Inc.
java.vendor.version: Corretto-17.0.3.6.1
os.name: Windows 10
os.version: 10.0
os.arch: amd64
Tai-e Version: 0.5.1-SNAPSHOT
Tai-e Commit: 77cb60866bebe2b4bcb219ea9cf035f5a0e6c6aa
Writing analysis plan to D:\A_work\Tai-e-private\Tai-e\output\tai-e-plan.yml
WorldBuilder starts ...
14679 classes with 129121 methods in the world
WorldBuilder finishes, elapsed time: 27.43s
pta starts ...
Loading taint config from D:\A_work\Tai-e-private\Tai-e\java-benchmarks\bugs\apache\struts2\taint-config.yaml
TaintConfig:
sources:
  CallSource{<Server: char taint()>/result(char)}

sinks:
  <com.opensymphony.xwork2.util.OgnlTextParser: java.lang.Object evaluate(char[],java.lang.String,com.opensymphony.xwork2.util.TextParseUtil$ParsedValueEvaluator,int)>/1.value[*]

[Pointer analysis] elapsed time: 36.78s
Unsound reflective calls:
[Method.invoke]<org.apache.logging.log4j.util.ReflectionUtil: void <clinit>()>[16@L67] $r7 = invokevirtual $r4.invoke(%nullconst, $r5)
[Method.invoke]<org.apache.logging.log4j.util.ReflectionUtil: void <clinit>()>[20@L68] $r10 = invokevirtual $r4.invoke(%nullconst, $r8)
[Method.invoke]<org.apache.logging.log4j.util.ReflectionUtil: void <clinit>()>[32@L74] $r17 = invokevirtual $r4.invoke(%nullconst, $r15)
[Method.invoke]<org.apache.logging.log4j.util.ReflectionUtil: java.lang.Class getCallerClass(int)>[16@L129] $r6 = invokevirtual $r4.invoke(%nullconst, $r3)
Imprecise reflective calls:
[Array.newInstance]<com.sun.beans.TypeResolver: java.lang.reflect.Type resolve(java.lang.reflect.Type,java.lang.reflect.Type)>[12@L164] $r31 = invokestatic java.lang.reflect.Array.newInstance($r30, %intconst0), #targets: 120
[Array.newInstance]<com.sun.beans.TypeResolver: java.lang.Class erase(java.lang.reflect.Type)>[38@L256] $r9 = invokestatic java.lang.reflect.Array.newInstance($r8, %intconst0), #targets: 120
[Array.newInstance]<com.sun.beans.TypeResolver: java.lang.reflect.Type fixGenericArray(java.lang.reflect.Type)>[9@L347] $r5 = invokestatic java.lang.reflect.Array.newInstance($r4, %intconst0), #targets: 120
[Constructor.newInstance]<com.opensymphony.xwork2.inject.ContainerImpl$ConstructorInjector: java.lang.Object construct(com.opensymphony.xwork2.inject.InternalContext,java.lang.Class)>[14@L410] $r8 = invokevirtual $r7.newInstance($r6), #targets: 58
Detected 1 taint flow(s):
TaintFlow{<Server: java.lang.String getInput()>[3@L77] temp$4 = invokestatic Server.taint()/result -> <com.opensymphony.xwork2.util.TextParseUtil: java.lang.Object translateVariables(char[],java.lang.String,com.opensymphony.xwork2.util.ValueStack,java.lang.Class,com.opensymphony.xwork2.util.TextParseUtil$ParsedValueEvaluator,int)>[9@L166] $r11 = invokeinterface r8.evaluate(r9, expression, $r0, maxLoopCount)/1.value[*]}
TFGDumper starts ...
Source nodes:
VarNode{<Server: java.lang.String getInput()>/temp$4}
Sink nodes:
InstanceFieldNode{MergedObj{<Merged java.lang.String>}.value}
InstanceFieldNode{MergedObj{<Merged string constants>}.value}
Dumping D:\A_work\Tai-e-private\Tai-e\output\taint-flow-graph.dot
TFGDumper finishes, elapsed time: 1.60s
-------------- Pointer analysis statistics: --------------
#var pointers:                11,5315 (insens) / 66,8956 (sens)
#objects:                     8895 (insens) / 1,6121 (sens)
#var points-to:               135,2305 (insens) / 1349,7183 (sens)
#static field points-to:      2872 (sens)
#instance field points-to:    97,9346 (sens)
#array points-to:             14,3340 (sens)
#reachable methods:           1,1981 (insens) / 8,1576 (sens)
#call graph edges:            5,9316 (insens) / 94,5965 (sens)
----------------------------------------
Dumping points-to set (without contexts) to D:\A_work\Tai-e-private\Tai-e\output\pta-ci-results.txt
pta finishes, elapsed time: 70.49s
ir-dumper starts ...
Dumping IR in D:\A_work\Tai-e-private\Tai-e\output\tir
4974 classes in scope (APP) of class analyses
ir-dumper finishes, elapsed time: 9.15s
Tai-e finishes, elapsed time: 107.33s
