Writing log to D:\A_work\Tai-e-private\Tai-e\output\tai-e.log
java.version: 17.0.3
java.version.date: 2022-04-19
java.runtime.version: 17.0.3+6-LTS
java.vendor: Amazon.com Inc.
java.vendor.version: Corretto-17.0.3.6.1
os.name: Windows 10
os.version: 10.0
os.arch: amd64
Tai-e Version: 0.5.1-SNAPSHOT
Tai-e Commit: 77cb60866bebe2b4bcb219ea9cf035f5a0e6c6aa
Writing analysis plan to D:\A_work\Tai-e-private\Tai-e\output\tai-e-plan.yml
WorldBuilder starts ...
12775 classes with 114464 methods in the world
WorldBuilder finishes, elapsed time: 14.15s
pta starts ...
Loading taint config from D:\A_work\Tai-e-private\Tai-e\java-benchmarks\bugs\spring\spring-cloud-config\2.1.0\taint-config.yml
TaintConfig:
sources:
  CallSource{<Server: char taint()>/result(char)}

sinks:
  <org.springframework.core.io.DefaultResourceLoader: org.springframework.core.io.Resource getResource(java.lang.String)>/0.value[*]

[Pointer analysis] elapsed time: 11.78s
Detected 1 taint flow(s):
TaintFlow{<Server: java.lang.String getInput()>[3@L24] temp$4 = invokestatic Server.taint()/result -> <org.springframework.cloud.config.server.resource.GenericResourceRepository: org.springframework.core.io.Resource findOne(java.lang.String,java.lang.String,java.lang.String,java.lang.String)>[18@L59] $r19 = invokeinterface $r18.getResource(r13)/0.value[*]}
TFGDumper starts ...
Source nodes:
VarNode{<Server: java.lang.String getInput()>/temp$4}
Sink nodes:
InstanceFieldNode{MergedObj{<Merged string constants>}.value}
InstanceFieldNode{MergedObj{<Merged java.lang.String>}.value}
Dumping D:\A_work\Tai-e-private\Tai-e\output\taint-flow-graph.dot
TFGDumper finishes, elapsed time: 0.68s
-------------- Pointer analysis statistics: --------------
#var pointers:                8,9900 (insens) / 48,1732 (sens)
#objects:                     5878 (insens) / 1,0376 (sens)
#var points-to:               37,9604 (insens) / 348,5977 (sens)
#static field points-to:      2167 (sens)
#instance field points-to:    27,4207 (sens)
#array points-to:             5,1464 (sens)
#reachable methods:           9248 (insens) / 5,8041 (sens)
#call graph edges:            4,4739 (insens) / 41,0066 (sens)
----------------------------------------
Dumping points-to set (without contexts) to D:\A_work\Tai-e-private\Tai-e\output\pta-ci-results.txt
pta finishes, elapsed time: 22.12s
ir-dumper starts ...
Dumping IR in D:\A_work\Tai-e-private\Tai-e\output\tir
2960 classes in scope (APP) of class analyses
ir-dumper finishes, elapsed time: 4.18s
Tai-e finishes, elapsed time: 40.67s
